<?xml version="1.0" encoding="UTF-8"?>
<!-- Generated by org.testng.reporters.JUnitReportReporter -->
<testsuite hostname="Shubham-HP-Laptop" failures="0" tests="1" name="auths.NoAuth" time="2.450" errors="0" timestamp="2023-09-10T01:10:15 EDT" skipped="0">
  <testcase classname="auths.NoAuth" name="putcall" time="2.450"/>
  <system-out/>
</testsuite> <!-- auths.NoAuth -->
