<?xml version="1.0" encoding="UTF-8"?>
<!-- Generated by org.testng.reporters.JUnitReportReporter -->
<testsuite hostname="Shubham-HP-Laptop" failures="0" tests="2" name="auths.Auth" time="3.895" errors="0" timestamp="2023-09-10T00:35:58 EDT" skipped="0">
  <testcase classname="auths.Auth" name="BearerToken" time="2.987"/>
  <system-out/>
  <testcase classname="auths.Auth" name="basicauth" time="0.908"/>
  <system-out/>
</testsuite> <!-- auths.Auth -->
